[    0.000000] Initializing cgroup subsys cpuset
[    0.000000] Initializing cgroup subsys cpu
[    0.000000] Initializing cgroup subsys cpuacct
[    0.000000] Linux version 4.4.0-210-generic (buildd@lgw01-amd64-009) (gcc version 5.4.0 20160609 (Ubuntu 5.4.0-6ubuntu1~16.04.12) ) #242-Ubuntu SMP Fri Apr 16 09:57:56 UTC 2021 (Ubuntu 4.4.0-210.242-generic 4.4.262)
[    0.000000] Command line: BOOT_IMAGE=/boot/vmlinuz-4.4.0-210-generic root=LABEL=cloudimg-rootfs ro console=tty1 console=ttyS0
[    0.000000] KERNEL supported cpus:
[    0.000000]   Intel GenuineIntel
[    0.000000]   AMD AuthenticAMD
[    0.000000]   Centaur CentaurHauls
[    0.000000] x86/fpu: xstate_offset[2]:  576, xstate_sizes[2]:  256
[    0.000000] x86/fpu: Supporting XSAVE feature 0x01: 'x87 floating point registers'
[    0.000000] x86/fpu: Supporting XSAVE feature 0x02: 'SSE registers'
[    0.000000] x86/fpu: Supporting XSAVE feature 0x04: 'AVX registers'
[    0.000000] x86/fpu: Enabled xstate features 0x7, context size is 832 bytes, using 'standard' format.
[    0.000000] e820: BIOS-provided physical RAM map:
[    0.000000] BIOS-e820: [mem 0x0000000000000000-0x000000000009fbff] usable
[    0.000000] BIOS-e820: [mem 0x000000000009fc00-0x000000000009ffff] reserved
[    0.000000] BIOS-e820: [mem 0x00000000000f0000-0x00000000000fffff] reserved
[    0.000000] BIOS-e820: [mem 0x0000000000100000-0x000000003ffeffff] usable
[    0.000000] BIOS-e820: [mem 0x000000003fff0000-0x000000003fffffff] ACPI data
[    0.000000] BIOS-e820: [mem 0x00000000fec00000-0x00000000fec00fff] reserved
[    0.000000] BIOS-e820: [mem 0x00000000fee00000-0x00000000fee00fff] reserved
[    0.000000] BIOS-e820: [mem 0x00000000fffc0000-0x00000000ffffffff] reserved
[    0.000000] NX (Execute Disable) protection: active
[    0.000000] SMBIOS 2.5 present.
[    0.000000] Hypervisor detected: KVM
[    0.000000] e820: last_pfn = 0x3fff0 max_arch_pfn = 0x400000000
[    0.000000] MTRR: Disabled
[    0.000000] x86/PAT: MTRRs disabled, skipping PAT initialization too.
[    0.000000] CPU MTRRs all blank - virtualized system.
[    0.000000] x86/PAT: Configuration [0-7]: WB  WT  UC- UC  WB  WT  UC- UC  
[    0.000000] found SMP MP-table at [mem 0x0009fff0-0x0009ffff] mapped at [ffff88000009fff0]
[    0.000000] Scanning 1 areas for low memory corruption
[    0.000000] RAMDISK: [mem 0x362dc000-0x37165fff]
[    0.000000] ACPI: Early table checksum verification disabled
[    0.000000] ACPI: RSDP 0x00000000000E0000 000024 (v02 VBOX  )
[    0.000000] ACPI: XSDT 0x000000003FFF0030 00003C (v01 VBOX   VBOXXSDT 00000001 ASL  00000061)
[    0.000000] ACPI: FACP 0x000000003FFF00F0 0000F4 (v04 VBOX   VBOXFACP 00000001 ASL  00000061)
[    0.000000] ACPI: DSDT 0x000000003FFF0470 002325 (v02 VBOX   VBOXBIOS 00000002 INTL 20200925)
[    0.000000] ACPI: FACS 0x000000003FFF0200 000040
[    0.000000] ACPI: FACS 0x000000003FFF0200 000040
[    0.000000] ACPI: APIC 0x000000003FFF0240 000054 (v02 VBOX   VBOXAPIC 00000001 ASL  00000061)
[    0.000000] ACPI: SSDT 0x000000003FFF02A0 0001CC (v01 VBOX   VBOXCPUT 00000002 INTL 20200925)
[    0.000000] No NUMA configuration found
[    0.000000] Faking a node at [mem 0x0000000000000000-0x000000003ffeffff]
[    0.000000] NODE_DATA(0) allocated [mem 0x3ffeb000-0x3ffeffff]
[    0.000000] kvm-clock: Using msrs 4b564d01 and 4b564d00
[    0.000000] kvm-clock: cpu 0, msr 0:3ffe3001, primary cpu clock
[    0.000000] kvm-clock: using sched offset of 3982343416 cycles
[    0.000000] clocksource: kvm-clock: mask: 0xffffffffffffffff max_cycles: 0x1cd42e4dffb, max_idle_ns: 881590591483 ns
[    0.000000] Zone ranges:
[    0.000000]   DMA      [mem 0x0000000000001000-0x0000000000ffffff]
[    0.000000]   DMA32    [mem 0x0000000001000000-0x000000003ffeffff]
[    0.000000]   Normal   empty
[    0.000000]   Device   empty
[    0.000000] Movable zone start for each node
[    0.000000] Early memory node ranges
[    0.000000]   node   0: [mem 0x0000000000001000-0x000000000009efff]
[    0.000000]   node   0: [mem 0x0000000000100000-0x000000003ffeffff]
[    0.000000] Initmem setup node 0 [mem 0x0000000000001000-0x000000003ffeffff]
[    0.000000] ACPI: PM-Timer IO Port: 0x4008
[    0.000000] IOAPIC[0]: apic_id 1, version 32, address 0xfec00000, GSI 0-23
[    0.000000] ACPI: INT_SRC_OVR (bus 0 bus_irq 0 global_irq 2 dfl dfl)
[    0.000000] ACPI: INT_SRC_OVR (bus 0 bus_irq 9 global_irq 9 low level)
[    0.000000] Using ACPI (MADT) for SMP configuration information
[    0.000000] smpboot: Allowing 1 CPUs, 0 hotplug CPUs
[    0.000000] PM: Registered nosave memory: [mem 0x00000000-0x00000fff]
[    0.000000] PM: Registered nosave memory: [mem 0x0009f000-0x0009ffff]
[    0.000000] PM: Registered nosave memory: [mem 0x000a0000-0x000effff]
[    0.000000] PM: Registered nosave memory: [mem 0x000f0000-0x000fffff]
[    0.000000] e820: [mem 0x40000000-0xfebfffff] available for PCI devices
[    0.000000] Booting paravirtualized kernel on KVM
[    0.000000] clocksource: refined-jiffies: mask: 0xffffffff max_cycles: 0xffffffff, max_idle_ns: 7645519600211568 ns
[    0.000000] setup_percpu: NR_CPUS:512 nr_cpumask_bits:512 nr_cpu_ids:1 nr_node_ids:1
[    0.000000] PERCPU: Embedded 33 pages/cpu @ffff88003fc00000 s95192 r8192 d31784 u2097152
[    0.000000] Built 1 zonelists in Node order, mobility grouping on.  Total pages: 257912
[    0.000000] Policy zone: DMA32
[    0.000000] Kernel command line: BOOT_IMAGE=/boot/vmlinuz-4.4.0-210-generic root=LABEL=cloudimg-rootfs ro console=tty1 console=ttyS0
[    0.000000] PID hash table entries: 4096 (order: 3, 32768 bytes)
[    0.000000] Memory: 997924K/1048120K available (8644K kernel code, 1332K rwdata, 4044K rodata, 1492K init, 1164K bss, 50196K reserved, 0K cma-reserved)
[    0.000000] SLUB: HWalign=64, Order=0-3, MinObjects=0, CPUs=1, Nodes=1
[    0.000000] Kernel/User page tables isolation: enabled
[    0.000000] Hierarchical RCU implementation.
[    0.000000] 	Build-time adjustment of leaf fanout to 64.
[    0.000000] 	RCU restricting CPUs from NR_CPUS=512 to nr_cpu_ids=1.
[    0.000000] RCU: Adjusting geometry for rcu_fanout_leaf=64, nr_cpu_ids=1
[    0.000000] NR_IRQS:33024 nr_irqs:256 16
[    0.000000] Console: colour VGA+ 80x25
[    0.000000] console [tty1] enabled
[    0.000000] console [ttyS0] enabled
[    0.000000] tsc: Detected 2903.998 MHz processor
[    0.298101] Calibrating delay loop (skipped) preset value.. 5807.99 BogoMIPS (lpj=11615992)
[    0.300596] pid_max: default: 32768 minimum: 301
[    0.302416] ACPI: Core revision 20150930
[    0.305896] ACPI: 2 ACPI AML tables successfully acquired and loaded
[    0.307704] Security Framework initialized
[    0.308957] Yama: becoming mindful.
[    0.310168] AppArmor: AppArmor initialized
[    0.311442] Dentry cache hash table entries: 131072 (order: 8, 1048576 bytes)
[    0.314248] Inode-cache hash table entries: 65536 (order: 7, 524288 bytes)
[    0.317083] Mount-cache hash table entries: 2048 (order: 2, 16384 bytes)
[    0.319338] Mountpoint-cache hash table entries: 2048 (order: 2, 16384 bytes)
[    0.321620] Initializing cgroup subsys io
[    0.323607] Initializing cgroup subsys memory
[    0.325846] Initializing cgroup subsys devices
[    0.327638] Initializing cgroup subsys freezer
[    0.329375] Initializing cgroup subsys net_cls
[    0.330992] Initializing cgroup subsys perf_event
[    0.332500] Initializing cgroup subsys net_prio
[    0.333937] Initializing cgroup subsys hugetlb
[    0.335491] Initializing cgroup subsys pids
[    0.354275] mce: CPU supports 0 MCE banks
[    0.355984] process: using mwait in idle threads
[    0.358233] Last level iTLB entries: 4KB 64, 2MB 8, 4MB 8
[    0.359882] Last level dTLB entries: 4KB 64, 2MB 0, 4MB 0, 1GB 4
[    0.361773] Spectre V1 : Mitigation: usercopy/swapgs barriers and __user pointer sanitization
[    0.364415] Spectre V2 : Mitigation: Full generic retpoline
[    0.366028] Spectre V2 : Spectre v2 / SpectreRSB mitigation: Filling RSB on context switch
[    0.369017] Speculative Store Bypass: Vulnerable
[    0.370604] SRBDS: Unknown: Dependent on hypervisor status
[    0.372792] MDS: Mitigation: Clear CPU buffers
[    0.411115] Freeing SMP alternatives memory: 36K
[    0.422871] ftrace: allocating 32380 entries in 127 pages
[    0.532108] smpboot: APIC(0) Converting physical 0 to logical package 0
[    0.534733] smpboot: Max logical packages: 1
[    0.536730] x2apic enabled
[    0.538486] Switched APIC routing to physical x2apic.
[    0.542789] ..TIMER: vector=0x30 apic1=0 pin1=2 apic2=-1 pin2=-1
[    0.653287] APIC calibration not consistent with PM-Timer: 98ms instead of 100ms
[    0.658537] APIC delta adjusted to PM-Timer: 6256532 (6167025)
[    0.660258] smpboot: CPU0: Intel(R) Core(TM) i7-7600U CPU @ 2.80GHz (family: 0x6, model: 0x8e, stepping: 0x9)
[    0.663298] Performance Events: unsupported p6 CPU model 142 no PMU driver, software events only.
[    0.682675] KVM setup paravirtual spinlock
[    0.685217] x86: Booted up 1 node, 1 CPUs
[    0.686594] smpboot: Total of 1 processors activated (5807.99 BogoMIPS)
[    0.689328] devtmpfs: initialized
[    0.692501] evm: security.selinux
[    0.693666] evm: security.SMACK64
[    0.694814] evm: security.SMACK64EXEC
[    0.696037] evm: security.SMACK64TRANSMUTE
[    0.697378] evm: security.SMACK64MMAP
[    0.698544] evm: security.ima
[    0.699487] evm: security.capability
[    0.700695] clocksource: jiffies: mask: 0xffffffff max_cycles: 0xffffffff, max_idle_ns: 7645041785100000 ns
[    0.715448] futex hash table entries: 256 (order: 2, 16384 bytes)
[    0.720133] pinctrl core: initialized pinctrl subsystem
[    0.723765] RTC time: 11:24:16, date: 09/11/22
[    0.726596] NET: Registered protocol family 16
[    0.729113] cpuidle: using governor ladder
[    0.732188] cpuidle: using governor menu
[    0.734160] PCCT header not found.
[    0.736022] ACPI: bus type PCI registered
[    0.738144] acpiphp: ACPI Hot Plug PCI Controller Driver version: 0.5
[    0.741922] PCI: Using configuration type 1 for base access
[    0.745376] ACPI: Added _OSI(Module Device)
[    0.746895] ACPI: Added _OSI(Processor Device)
[    0.748440] ACPI: Added _OSI(3.0 _SCP Extensions)
[    0.749992] ACPI: Added _OSI(Processor Aggregator Device)
[    0.753685] ACPI: Executed 1 blocks of module-level executable AML code
[    0.759552] ACPI: Interpreter enabled
[    0.760717] ACPI: (supports S0 S5)
[    0.761842] ACPI: Using IOAPIC for interrupt routing
[    0.763517] PCI: Using host bridge windows from ACPI; if necessary, use "pci=nocrs" and report a bug
[    0.771295] ACPI: PCI Root Bridge [PCI0] (domain 0000 [bus 00-ff])
[    0.773426] acpi PNP0A03:00: _OSC: OS supports [ASPM ClockPM Segments MSI]
[    0.776419] acpi PNP0A03:00: _OSC: not requesting OS control; OS requires [ExtendedConfig ASPM ClockPM MSI]
[    0.779897] acpi PNP0A03:00: fail to add MMCONFIG information, can't access extended PCI configuration space under this bridge.
[    0.784128] PCI host bridge to bus 0000:00
[    0.785577] pci_bus 0000:00: root bus resource [io  0x0000-0x0cf7 window]
[    0.787534] pci_bus 0000:00: root bus resource [io  0x0d00-0xffff window]
[    0.789642] pci_bus 0000:00: root bus resource [mem 0x000a0000-0x000bffff window]
[    0.792840] pci_bus 0000:00: root bus resource [mem 0x40000000-0xfdffffff window]
[    0.804759] pci_bus 0000:00: root bus resource [bus 00-ff]
[    0.817768] pci 0000:00:01.1: legacy IDE quirk: reg 0x10: [io  0x01f0-0x01f7]
[    0.840827] pci 0000:00:01.1: legacy IDE quirk: reg 0x14: [io  0x03f6]
[    0.843068] pci 0000:00:01.1: legacy IDE quirk: reg 0x18: [io  0x0170-0x0177]
[    0.845083] pci 0000:00:01.1: legacy IDE quirk: reg 0x1c: [io  0x0376]
[    0.882856] pci 0000:00:07.0: quirk: [io  0x4000-0x403f] claimed by PIIX4 ACPI
[    0.886833] pci 0000:00:07.0: quirk: [io  0x4100-0x410f] claimed by PIIX4 SMB
[    0.900601] ACPI: PCI Interrupt Link [LNKA] (IRQs 5 9 10 *11)
[    0.903352] ACPI: PCI Interrupt Link [LNKB] (IRQs 5 9 *10 11)
[    0.905734] ACPI: PCI Interrupt Link [LNKC] (IRQs 5 *9 10 11)
[    0.908006] ACPI: PCI Interrupt Link [LNKD] (IRQs 5 9 10 *11)
[    0.910284] ACPI: Enabled 2 GPEs in block 00 to 07
[    0.912164] vgaarb: setting as boot device: PCI:0000:00:02.0
[    0.913840] vgaarb: device added: PCI:0000:00:02.0,decodes=io+mem,owns=io+mem,locks=none
[    0.916444] vgaarb: loaded
[    0.917416] vgaarb: bridge control possible 0000:00:02.0
[    0.919549] SCSI subsystem initialized
[    0.921062] ACPI: bus type USB registered
[    0.922660] usbcore: registered new interface driver usbfs
[    0.924686] usbcore: registered new interface driver hub
[    0.926432] usbcore: registered new device driver usb
[    0.929618] PCI: Using ACPI for IRQ routing
[    0.931659] NetLabel: Initializing
[    0.932701] NetLabel:  domain hash size = 128
[    0.934075] NetLabel:  protocols = UNLABELED CIPSOv4
[    0.936009] NetLabel:  unlabeled traffic allowed by default
[    0.937976] amd_nb: Cannot enumerate AMD northbridges
[    0.939577] clocksource: Switched to clocksource kvm-clock
[    0.949787] AppArmor: AppArmor Filesystem Enabled
[    0.951698] pnp: PnP ACPI init
[    0.953824] pnp: PnP ACPI: found 3 devices
[    0.962865] clocksource: acpi_pm: mask: 0xffffff max_cycles: 0xffffff, max_idle_ns: 2085701024 ns
[    0.965748] NET: Registered protocol family 2
[    0.967333] TCP established hash table entries: 8192 (order: 4, 65536 bytes)
[    0.969440] TCP bind hash table entries: 8192 (order: 5, 131072 bytes)
[    0.971251] TCP: Hash tables configured (established 8192 bind 8192)
[    0.973151] UDP hash table entries: 512 (order: 2, 16384 bytes)
[    0.974690] UDP-Lite hash table entries: 512 (order: 2, 16384 bytes)
[    0.976405] NET: Registered protocol family 1
[    0.977636] pci 0000:00:00.0: Limiting direct PCI/PCI transfers
[    0.979485] pci 0000:00:01.0: Activating ISA DMA hang workarounds
[    0.981454] Unpacking initramfs...
[    1.304459] Freeing initrd memory: 14888K
[    1.306492] clocksource: tsc: mask: 0xffffffffffffffff max_cycles: 0x29dc03c1beb, max_idle_ns: 440795205215 ns
[    1.310172] platform rtc_cmos: registered platform RTC device (no PNP device found)
[    1.313193] Scanning for low memory corruption every 60 seconds
[    1.315293] audit: initializing netlink subsys (disabled)
[    1.317178] audit: type=2000 audit(1662895462.444:1): initialized
[    1.319271] Initialise system trusted keyring
[    1.320830] HugeTLB registered 2 MB page size, pre-allocated 0 pages
[    1.326985] zbud: loaded
[    1.329495] VFS: Disk quotas dquot_6.6.0
[    1.331076] VFS: Dquot-cache hash table entries: 512 (order 0, 4096 bytes)
[    1.333310] squashfs: version 4.0 (2009/01/31) Phillip Lougher
[    1.335073] fuse init (API version 7.23)
[    1.336381] Key type big_key registered
[    1.337554] Allocating IMA MOK and blacklist keyrings.
[    1.339996] Key type asymmetric registered
[    1.341801] Asymmetric key parser 'x509' registered
[    1.343373] Block layer SCSI generic (bsg) driver version 0.4 loaded (major 249)
[    1.345884] io scheduler noop registered
[    1.347228] io scheduler deadline registered (default)
[    1.349020] io scheduler cfq registered
[    1.350333] pci_hotplug: PCI Hot Plug PCI Core version: 0.5
[    1.351888] pciehp: PCI Express Hot Plug Controller Driver version: 0.4
[    1.353857] ACPI: AC Adapter [AC] (on-line)
[    1.355186] input: Power Button as /devices/LNXSYSTM:00/LNXPWRBN:00/input/input0
[    1.357712] ACPI: Power Button [PWRF]
[    1.358947] input: Sleep Button as /devices/LNXSYSTM:00/LNXSLPBN:00/input/input1
[    1.361228] ACPI: Sleep Button [SLPF]
[    1.362538] GHES: HEST is not enabled!
[    1.363804] Serial: 8250/16550 driver, 32 ports, IRQ sharing enabled
[    1.386664] 00:02: ttyS0 at I/O 0x3f8 (irq = 4, base_baud = 115200) is a 16550A
[    1.390622] Linux agpgart interface v0.103
[    1.394562] loop: module loaded
[    1.396335] scsi host0: ata_piix
[    1.397462] scsi host1: ata_piix
[    1.398642] ata1: PATA max UDMA/33 cmd 0x1f0 ctl 0x3f6 bmdma 0xd000 irq 14
[    1.400993] ata2: PATA max UDMA/33 cmd 0x170 ctl 0x376 bmdma 0xd008 irq 15
[    1.403933] libphy: Fixed MDIO Bus: probed
[    1.405498] tun: Universal TUN/TAP device driver, 1.6
[    1.408309] tun: (C) 1999-2004 Max Krasnyansky <maxk@qualcomm.com>
[    1.410357] PPP generic driver version 2.4.2
[    1.411863] ehci_hcd: USB 2.0 'Enhanced' Host Controller (EHCI) Driver
[    1.413731] ehci-pci: EHCI PCI platform driver
[    1.415193] ehci-platform: EHCI generic platform driver
[    1.416861] ohci_hcd: USB 1.1 'Open' Host Controller (OHCI) Driver
[    1.418527] ohci-pci: OHCI PCI platform driver
[    1.420077] ohci-platform: OHCI generic platform driver
[    1.421682] uhci_hcd: USB Universal Host Controller Interface driver
[    1.423897] i8042: PNP: PS/2 Controller [PNP0303:PS2K,PNP0f03:PS2M] at 0x60,0x64 irq 1,12
[    1.426850] serio: i8042 KBD port at 0x60,0x64 irq 1
[    1.428318] serio: i8042 AUX port at 0x60,0x64 irq 12
[    1.429919] mousedev: PS/2 mouse device common for all mice
[    1.431920] input: AT Translated Set 2 keyboard as /devices/platform/i8042/serio0/input/input2
[    1.434832] rtc_cmos rtc_cmos: rtc core: registered rtc_cmos as rtc0
[    1.436715] rtc_cmos rtc_cmos: alarms up to one day, 114 bytes nvram
[    1.438381] i2c /dev entries driver
[    1.439850] device-mapper: uevent: version 1.0.3
[    1.442042] device-mapper: ioctl: 4.34.0-ioctl (2015-10-28) initialised: dm-devel@redhat.com
[    1.444704] ledtrig-cpu: registered to indicate activity on CPUs
[    1.446821] NET: Registered protocol family 10
[    1.448561] NET: Registered protocol family 17
[    1.449877] Key type dns_resolver registered
[    1.451389] registered taskstats version 1
[    1.452784] Loading compiled-in X.509 certificates
[    1.454997] Loaded X.509 cert 'Build time autogenerated kernel key: cf00e047681d67edb2720680708b7d9498083038'
[    1.459328] zswap: loaded using pool lzo/zbud
[    1.462582] Key type trusted registered
[    1.467529] Key type encrypted registered
[    1.468931] AppArmor: AppArmor sha1 policy hashing enabled
[    1.470515] ima: No TPM chip found, activating TPM-bypass!
[    1.472134] ima: Allocated hash algorithm: sha1
[    1.474175] evm: HMAC attrs: 0x1
[    1.475938]   Magic number: 6:385:428
[    1.477132] rtc_cmos rtc_cmos: setting system clock to 2022-09-11 11:24:17 UTC (1662895457)
[    1.480190] BIOS EDD facility v0.16 2004-Jun-25, 0 devices found
[    1.482092] EDD information not available.
[    1.607502] Freeing unused kernel memory: 1492K
[    1.613429] Write protecting the kernel read-only data: 14336k
[    1.618998] Freeing unused kernel memory: 1584K
[    1.622447] Freeing unused kernel memory: 52K
Loading, please wait...
starting version 229
[    1.654872] random: udevadm: uninitialized urandom read (16 bytes read, 3 bits of entropy available)
[    1.669545] random: systemd-udevd: uninitialized urandom read (16 bytes read, 3 bits of entropy available)
[    1.675184] random: systemd-udevd: uninitialized urandom read (16 bytes read, 3 bits of entropy available)
[    1.678834] random: systemd-udevd: uninitialized urandom read (16 bytes read, 3 bits of entropy available)
[    1.694150] random: systemd-udevd: uninitialized urandom read (16 bytes read, 3 bits of entropy available)
[    1.705021] random: udevadm: uninitialized urandom read (16 bytes read, 3 bits of entropy available)
[    1.742127] random: systemd-udevd: uninitialized urandom read (16 bytes read, 3 bits of entropy available)
[    1.757136] random: systemd-udevd: uninitialized urandom read (16 bytes read, 3 bits of entropy available)
[    1.764551] random: udevadm: uninitialized urandom read (16 bytes read, 3 bits of entropy available)
[    1.769161] random: udevadm: uninitialized urandom read (16 bytes read, 3 bits of entropy available)
[    1.912706] e1000: Intel(R) PRO/1000 Network Driver - version 7.3.21-k8-NAPI
[    1.915213] e1000: Copyright (c) 1999-2006 Intel Corporation.
[    1.922403] Fusion MPT base driver 3.04.20
[    1.925469] Copyright (c) 1999-2008 LSI Corporation
[    1.949057] Fusion MPT SPI Host driver 3.04.20
[    2.009301] AVX2 version of gcm_enc/dec engaged.
[    2.011372] AES CTR mode by8 optimization enabled
[    2.137335] input: ImExPS/2 Generic Explorer Mouse as /devices/platform/i8042/serio1/input/input4
[    2.432251] e1000 0000:00:03.0 eth0: (PCI:33MHz:32-bit) 02:be:82:6b:cc:1d
[    2.439528] e1000 0000:00:03.0 eth0: Intel(R) PRO/1000 Network Connection
[    2.445544] mptbase: ioc0: Initiating bringup
[    2.509965] ioc0: LSI53C1030 A0: Capabilities={Initiator}
[    2.693400] scsi host2: ioc0: LSI53C1030 A0, FwRev=00000000h, Ports=1, MaxQ=256, IRQ=20
[    2.825041] scsi 2:0:0:0: Direct-Access     VBOX     HARDDISK         1.0  PQ: 0 ANSI: 5
[    2.847953] scsi target2:0:0: Beginning Domain Validation
[    2.865557] scsi target2:0:0: Domain Validation skipping write tests
[    2.870546] scsi target2:0:0: Ending Domain Validation
[    2.880062] scsi target2:0:0: asynchronous
[    2.914115] scsi 2:0:1:0: Direct-Access     VBOX     HARDDISK         1.0  PQ: 0 ANSI: 5
[    2.932773] scsi target2:0:1: Beginning Domain Validation
[    2.979352] scsi target2:0:1: Domain Validation skipping write tests
[    2.981924] scsi target2:0:1: Ending Domain Validation
[    3.031681] scsi target2:0:1: asynchronous
[    3.168188] sd 2:0:0:0: Attached scsi generic sg0 type 0
[    3.170145] sd 2:0:0:0: [sda] 83886080 512-byte logical blocks: (42.9 GB/40.0 GiB)
[    3.173726] sd 2:0:1:0: [sdb] 20480 512-byte logical blocks: (10.5 MB/10.0 MiB)
[    3.176534] sd 2:0:1:0: Attached scsi generic sg1 type 0
[    3.178572] sd 2:0:1:0: [sdb] Write Protect is off
[    3.180208] sd 2:0:0:0: [sda] Write Protect is off
[    3.181811] sd 2:0:1:0: [sdb] Incomplete mode parameter data
[    3.183569] sd 2:0:1:0: [sdb] Assuming drive cache: write through
[    3.185449] sd 2:0:0:0: [sda] Incomplete mode parameter data
[    3.187130] sd 2:0:0:0: [sda] Assuming drive cache: write through
[    3.202199]  sda: sda1
[    3.204398] sd 2:0:0:0: [sda] Attached SCSI disk
[    3.206398] sd 2:0:1:0: [sdb] Attached SCSI disk
[    3.395499] e1000 0000:00:08.0 eth1: (PCI:33MHz:32-bit) 08:00:27:40:19:00
[    3.403108] e1000 0000:00:08.0 eth1: Intel(R) PRO/1000 Network Connection
[    3.411617] e1000 0000:00:08.0 enp0s8: renamed from eth1
[    3.417839] e1000 0000:00:03.0 enp0s3: renamed from eth0
Begin: Loading essential drivers ... [    4.987151] md: linear personality registered for level -1
[    4.992326] md: multipath personality registered for level -4
[    4.997254] md: raid0 personality registered for level 0
[    5.003177] md: raid1 personality registered for level 1
[    5.098608] raid6: sse2x1   gen()  4534 MB/s
[    5.180522] raid6: sse2x1   xor()  4142 MB/s
[    5.278693] raid6: sse2x2   gen()  4213 MB/s
[    5.373814] raid6: sse2x2   xor()  4694 MB/s
[    5.466908] raid6: sse2x4   gen()  6866 MB/s
[    5.561054] raid6: sse2x4   xor()  5232 MB/s
[    5.658531] raid6: avx2x1   gen()  9881 MB/s
[    5.753608] raid6: avx2x2   gen()  9029 MB/s
[    5.844868] raid6: avx2x4   gen() 13099 MB/s
[    5.855097] raid6: using algorithm avx2x4 gen() 13099 MB/s
[    5.860517] raid6: using avx2x2 recovery algorithm
[    5.868549] xor: automatically using best checksumming function:
[    6.086359]    avx       : 94985.000 MB/sec
[    6.089915] async_tx: api initialized (async)
[    6.107849] md: raid6 personality registered for level 6
[    6.109583] md: raid5 personality registered for level 5
[    6.111210] md: raid4 personality registered for level 4
[    6.119704] md: raid10 personality registered for level 10
done.
Begin: Running /scripts/init-premount ... done.
Begin: Mounting root file system ... Begin: Running /scripts/local-top ... done.
Begin: Running /scripts/local-premount ... [    6.168450] Btrfs loaded
Scanning for Btrfs filesystems
done.
Warning: fsck not present, so skipping root file system
[    6.212700] EXT4-fs (sda1): mounted filesystem with ordered data mode. Opts: (null)
done.
Begin: Running /scripts/local-bottom ... done.
Begin: Running /scripts/init-bottom ... done.
[    6.339993] systemd[1]: systemd 229 running in system mode. (+PAM +AUDIT +SELINUX +IMA +APPARMOR +SMACK +SYSVINIT +UTMP +LIBCRYPTSETUP +GCRYPT +GNUTLS +ACL +XZ -LZ4 +SECCOMP +BLKID +ELFUTILS +KMOD -IDN)
[    6.348629] systemd[1]: Detected virtualization oracle.
[    6.351341] systemd[1]: Detected architecture x86-64.

Welcome to [1mUbuntu 16.04.7 LTS[0m!

[    6.357907] systemd[1]: Set hostname to <ubuntu>.
[    6.362166] systemd[1]: Initializing machine ID from random generator.
[    6.364987] systemd[1]: Installed transient /etc/machine-id file.
[    6.609002] systemd[1]: Reached target User and Group Name Lookups.
[[0;32m  OK  [0m] Reached target User and Group Name Lookups.
[    6.612843] systemd[1]: Created slice System Slice.
[[0;32m  OK  [0m] Created slice System Slice.
[    6.615450] systemd[1]: Set up automount Arbitrary Executable File Formats File System Automount Point.
[[0;32m  OK  [0m] Set up automount Arbitrary Executab...ats File System Automount Point.
[    6.619913] systemd[1]: Listening on fsck to fsckd communication Socket.
[[0;32m  OK  [0m] Listening on fsck to fsckd communication Socket.
[    6.622911] systemd[1]: Listening on Journal Socket.
[[0;32m  OK  [0m] Listening on Journal Socket.
[    6.627239] systemd[1]: Starting Uncomplicated firewall...
         Starting Uncomplicated firewall...
[    6.633082] systemd[1]: Starting Nameserver information manager...
         Starting Nameserver information manager...
[    6.639510] systemd[1]: Starting Set console keymap...
         Starting Set console keymap...
[    6.653035] systemd[1]: Starting File System Check on Root Device...
         Starting File System Check on Root Device...
[    6.665219] systemd[1]: Starting Load Kernel Modules...
         Starting Load Kernel Modules...
[    6.671391] systemd[1]: Started Trigger resolvconf update for networkd DNS.
[[0;32m  OK  [0m] Started Trigger resolvconf update for networkd DNS.
[    6.687395] Loading iSCSI transport class v2.0-870.
[    6.689258] systemd[1]: Reached target Encrypted Volumes.
[[0;32m  OK  [0m] Reached target Encrypted Volumes.
[    6.694634] systemd[1]: Listening on Device-mapper event daemon FIFOs.
[[0;32m  OK  [0m] Listening on Device-mapper event daemon FIFOs.
[    6.703652] systemd[1]: Starting Create list of required static device nodes for the current kernel...
         Starting Create list of required st... nodes for the current kernel...
[    6.716666] systemd[1]: Listening on Journal Socket (/dev/log).
[[0;32m  OK  [0m] Listening on Journal Socket (/dev/log).
[    6.729835] systemd[1]: Listening on LVM2 poll daemon socket.
[[0;32m  OK  [0m] [    6.733808] random: nonblocking pool is initialized
Listening on LVM2 poll daemon socket.[    6.737871] iscsi: registered transport (tcp)

[    6.740046] systemd[1]: Reached target System Time Synchronized.
[[0;32m  OK  [0m] Reached target System Time Synchronized.
[    6.765828] systemd[1]: Created slice User and Session Slice.
[[0;32m  OK  [0m] Created slice User and Session Slice.
[    6.769089] systemd[1]: Reached target Slices.
[[0;32m  OK  [0m] Reached target Slices.
[    6.772037] systemd[1]: Listening on Syslog Socket.
[[0;32m  OK  [0m] Listening on Syslog Socket.
[    6.775277] systemd[1]: Created slice system-serial\x2dgetty.slice.
[[0;32m  OK  [0m] Created slice system-serial\x2dgetty.slice.
[    6.778684] systemd[1]: Listening on udev Kernel Socket.
[[0;32m  OK  [0m] Listening on udev Kernel Socket.
[    6.781547] systemd[1]: Reached target Swap.
[[0;32m  OK  [0m] Reached target Swap.
[    6.784750] systemd[1]: Mounting POSIX Message Queue File System...
         Mounting POSIX Message Queue File System...
[    6.794901] systemd[1]: Mounting Debug File System...
         Mounting Debug File System...
[    6.820623] systemd[1]: Listening on /dev/initctl Compatibility Named Pipe.
[[0;32m  OK  [0m] Listening on /dev/initctl Compatibility Named Pipe.
[    6.824539] systemd[1]: Listening on udev Control Socket.
[[0;32m  OK  [0m] Listening on udev Control Socket.
[    6.829465] systemd[1]: Mounting Huge Pages File System...
         Mounting Huge Pages File System...
[    6.837650] systemd[1]: Listening on Journal Audit Socket.
[[0;32m  OK  [0m] Listening on Journal Audit Socket.
[    6.846413] systemd[1]: Starting Journal Service...
         Starting Journal Service...
[    6.855053] systemd[1]: Started Forward Password Requests to Wall Directory Watch.
[[0;32m  OK  [0m] Started Forward Password Requests to Wall Directory Watch.
[    6.864414] systemd[1]: Listening on LVM2 metadata daemon socket.
[[0;32m  OK  [0m] Listening on LVM2 metadata daemon socket.
[    6.872317] systemd[1]: Starting Monitoring of LVM2 mirrors, snapshots etc. using dmeventd or progress polling...
         Starting Monitoring of LVM2 mirrors... dmeventd or progress polling...
[    6.886589] systemd[1]: Mounted Huge Pages File System.
[[0;32m  OK  [0m] Mounted Huge Pages File System.
[    6.890954] systemd[1]: Mounted POSIX Message Queue File System.
[[0;32m  OK  [0m] Mounted POSIX Message Queue File System.
[    6.899802] systemd[1]: Mounted Debug File System.
[[0;32m  OK  [0m] Mounted Debug File System.
[    6.907383] systemd[1]: Started Uncomplicated firewall.
[[0;32m  OK  [0m] Started Uncomplicated firewall.
[    6.920245] systemd[1]: Started File System Check on Root Device.
[[0;32m  OK  [0m] Started File System Check on Root Device.
[    6.926872] systemd[1]: Started Create list of required static device nodes for the current kernel.
[    6.930646] iscsi: registered transport (iser)
[[0;32m  OK  [0m] Started Create list of required sta...ce nodes for the current kernel.
[    6.948789] systemd[1]: Started Nameserver information manager.
[[0;32m  OK  [0m] Started Nameserver information manager.
[    6.955181] systemd[1]: Started Journal Service.
[[0;32m  OK  [0m] Started Journal Service.
[[0;32m  OK  [0m] Started LVM2 metadata daemon.
[[0;32m  OK  [0m] Started File System Check Daemon to report status.
         Starting Create Static Device Nodes in /dev...
         Starting Remount Root and Kernel File Systems...
[    6.993918] EXT4-fs (sda1): re-mounted. Opts: (null)
[[0;32m  OK  [0m] Started Load Kernel Modules.
         Starting Apply Kernel Variables...
         Mounting FUSE Control File System...
[[0;32m  OK  [0m] Mounted FUSE Control File System.
[[0;32m  OK  [0m] Started Remount Root and Kernel File Systems.
         Starting Load/Save Random Seed...
         Starting Flush Journal to Persistent Storage...
         Starting udev Coldplug all Devices...
[[0;32m  OK  [0m] Started Apply Kernel Variables.
[[0;32m  OK  [0m] Started Set console keymap.
[[0;32m  OK  [0m] Started Load/Save Random Seed.
[[0;32m  OK  [0m] Started Create Static Device Nodes in /dev.
         Starting udev Kernel Device Manager...
[[0;32m  OK  [0m] Started Flush Journal to Persistent Storage.
[[0;32m  OK  [0m] Started udev Kernel Device Manager.
[[0;32m  OK  [0m] Started udev Coldplug all Devices.
[[0;32m  OK  [0m] Started Dispatch Password Requests to Console Directory Watch.
[[0;32m  OK  [0m] Started Monitoring of LVM2 mirrors,...ng dmeventd or progress polling.
[[0;32m  OK  [0m] Reached target Local File Systems (Pre).
[[0;32m  OK  [0m] Reached target Local File Systems.
         Starting Tell Plymouth To Write Out Runtime Data...
         Starting Set console font and keymap...
         Starting Initial cloud-init job (pre-networking)...
         Starting Commit a transient machine-id on disk...
         Starting Create Volatile Files and Directories...
         Starting LSB: AppArmor initialization...
[[0;32m  OK  [0m] Started Tell Plymouth To Write Out Runtime Data.
[[0;32m  OK  [0m] Started Commit a transient machine-id on disk.
[[0;32m  OK  [0m] Started Create Volatile Files and Directories.
         Starting Update UTMP about System Boot/Shutdown...
[[0;32m  OK  [0m] Started Update UTMP about System Boot/Shutdown.
[[0;32m  OK  [0m] Found device /dev/ttyS0.
[[0;32m  OK  [0m] Listening on Load/Save RF Kill Switch Status /dev/rfkill Watch.
[[0;32m  OK  [0m] Started Set console font and keymap.
[[0;32m  OK  [0m] Created slice system-getty.slice.
[   11.332714] cloud-init[494]: Cloud-init v. 21.1-19-gbad84ad4-0ubuntu1~16.04.2 running 'init-local' at Sun, 11 Sep 2022 11:24:26 +0000. Up 10.07 seconds.
[[0;32m  OK  [0m] Started Initial cloud-init job (pre-networking).
[[0;32m  OK  [0m] Reached target Network (Pre).
[[0;32m  OK  [0m] Started LSB: AppArmor initialization.
         Starting Load AppArmor profiles managed internally by snapd...
         Starting Raise network interfaces...
[[0;32m  OK  [0m] Started Load AppArmor profiles managed internally by snapd.
[[0;32m  OK  [0m] Started Raise network interfaces.
[[0;32m  OK  [0m] Reached target Network.
         Starting Initial cloud-init job (metadata service crawler)...
[   15.732125] cloud-init[967]: Cloud-init v. 21.1-19-gbad84ad4-0ubuntu1~16.04.2 running 'init' at Sun, 11 Sep 2022 11:24:31 +0000. Up 14.73 seconds.
[   15.734447] cloud-init[967]: ci-info: ++++++++++++++++++++++++++++++++++++++Net device info+++++++++++++++++++++++++++++++++++++++
[   15.773070] cloud-init[967]: ci-info: +--------+-------+----------------------------+---------------+--------+-------------------+
[   15.774745] cloud-init[967]: ci-info: | Device |   Up  |          Address           |      Mask     | Scope  |     Hw-Address    |
[   15.777560] cloud-init[967]: ci-info: +--------+-------+----------------------------+---------------+--------+-------------------+
[   15.798680] cloud-init[967]: ci-info: | enp0s3 |  True |         10.0.2.15          | 255.255.255.0 | global | 02:be:82:6b:cc:1d |
[   15.801758] cloud-init[967]: ci-info: | enp0s3 |  True | fe80::be:82ff:fe6b:cc1d/64 |       .       |  link  | 02:be:82:6b:cc:1d |
[   15.805046] cloud-init[967]: ci-info: | enp0s8 | False |             .              |       .       |   .    | 08:00:27:40:19:00 |
[   15.807949] cloud-init[967]: ci-info: |   lo   |  True |         127.0.0.1          |   255.0.0.0   |  host  |         .         |
[   15.809981] cloud-init[967]: ci-info: |   lo   |  True |          ::1/128           |       .       |  host  |         .         |
[   15.812520] cloud-init[967]: ci-info: +--------+-------+----------------------------+---------------+--------+-------------------+
[   15.817031] cloud-init[967]: ci-info: +++++++++++++++++++++++++++Route IPv4 info++++++++++++++++++++++++++++
[[0;32m  OK  [0m] Started Initial cloud-init job (metadata service crawler).
[[0;32m  OK  [0m] Reached target Cloud-config availability.
[[0;32m  OK  [0m] Reached target System Initialization.
[[0;32m  OK  [0m] Listening on UUID daemon activation socket.
[   15.820046] cloud-init[967]: ci-info: +-------+-------------+----------+---------------+-----------+-------+
[   15.832532] cloud-init[967]: ci-info: | Route | Destination | Gateway  |    Genmask    | Interface | Flags |
[[0;32m  OK  [0m] Started Message of the Day.
[[0;32m  OK  [0m] Started Daily apt download activities.
[[0;32m  OK  [0m] Started Daily apt upgrade and clean activities.
[   15.835273] cloud-init[967]: ci-info: +-------+-------------+----------+---------------+-----------+-------+
[   15.841321] cloud-init[967]: ci-info: |   0   |   0.0.0.0   | 10.0.2.2 |    0.0.0.0    |   enp0s3  |   UG  |
[   15.843244] cloud-init[967]: ci-info: |   1   |   10.0.2.0  | 0.0.0.0  | 255.255.255.0 |   enp0s3  |   U   |         Starting LXD - unix socket.
[[0;32m  OK  [0m] Listening on ACPID Listen Socket.

[[0;32m  OK  [0m] Started ACPI Events Check.
[[0;32m  OK  [0m] Reached target Paths.
         Starting Socket activation for snappy daemon.
[[0;32m  OK  [0m] Started Daily Cleanup of Temporary Directories.
[[0;32m  OK  [0m] Started Ubuntu Advantage update messaging.
[[0;32m  OK  [0m] Reached target Timers.
[[0;32m  OK  [0m] [   15.849789] cloud-init[967]: ci-info: +-------+-------------+----------+---------------+-----------+-------+
[   15.865506] cloud-init[967]: ci-info: +++++++++++++++++++Route IPv6 info+++++++++++++++++++
[   15.866622] cloud-init[967]: ci-info: +-------+-------------+---------+-----------+-------+
[   15.867859] Listening on D-Bus System Message Bus Socket.
[[0;32m  OK  [0m] Reached target Network is Online.
         Starting iSCSI initiator daemon (iscsid)...
cloud-init[967]: ci-info: | Route | Destination | Gateway | Interface | Flags |
[   15.873699] cloud-init[967]: ci-info: +-------+-------------+---------+-----------+-------+
[   15.875630] cloud-init[[0;32m  OK  [0m] Listening on LXD - unix socket.
[[0;32m  OK  [0m] Listening on Socket activation for snappy daemon.
[[0;32m  OK  [0m] Reached target Sockets.
[[0;32m  OK  [0m] Reached target Basic System.
[967]: ci-info: |   0   |  fe80::/64  |    ::   |   enp0s3  |   U   |
[   15.881148] cloud-init[967]: ci-info: |   3   |   ff00::/8  |    ::   |   enp0s3  |   U   |
[   15.882890] cloud-init[967]: ci-info: +-------+-------------+---------+-----------+-------+
[[0;32m  OK  [0m] Started D-Bus System Message Bus.
[   15.896379] cloud-init[967]: Generating public/private rsa key pair.
[   15.903007] cloud-init[967]: Your identification has been saved in /etc/ssh/ssh_host_rsa_key.
[   15.908803] cloud-init[967]: Your public key has been saved in /etc/ssh/ssh_host_rsa_key.pub.
[   15.913076] cloud-init[967]: The key fingerprint is:
[   15.916388] cloud-init[967]: SHA256:IrkuCyn5LXd/psKq0OhlpgUTZdkLlsTe+kc4MaSs9+U root@ubuntu-xenial
[[0;32m  OK  [0m] Started ACPI event daemon.
         Starting System Logging Service...
[   15.927392] [[0;32m  OK  [0m] Started Regular background program processing daemon.
         cloud-init[967]: The key's randomart image is:
[   15.941376] cloud-init[967]: +---[RSA 2048]----+
Starting Login Service...
[[0;32m  OK  [0m] Started FUSE filesystem for LXC.
         Starting Pollinate to seed the pseudo random number generator...
         [   15.944665] Starting /etc/rc.local Compatibility...
[[0;32m  OK  [0m] Started Deferred execution scheduler.
         Starting Virtualbox guest utils...
         Starting Accounts Service...
         Starting LSB: Record successful boot for GRUB...
         Starting Snap Daemon...
         Starting LSB: MD monitoring daemon...
         Starting LXD - container startup/shutdown...
[[0;32m  OK  [0m] Started /etc/rc.local Compatibility.
cloud-init[[0;32m  OK  [0m] Started iSCSI initiator daemon (iscsid).
         Starting Login to default iSCSI targets...
[967]: [[0;32m  OK  [0m] Started Login Service.
[[0;32m  OK  [0m] Started Unattended Upgrades Shutdown.
|  o++            |
[   16.154425] cloud-init[967]: |  o* o           |
[   16.169849] cloud-init[967]: | .+ = .          |
[   16.202509] cloud-init[967]: |  .+ *           |
[[0;32m  OK  [0m] Started System Logging Service.
[[0;32m  OK  [0m] Started Login to default iSCSI targets.
[[0;32m  OK  [0m] Reached target Remote File Systems (Pre).
[[0;32m  OK  [0m] Reached target Remote File Systems.
[   16.273105] cloud-init[967]: | o. + = S        |
         Starting Permit User Sessions...
         Starting LSB: daemon to balance interrupts for SMP systems...
         Starting LSB: automatic crash report generation...
         Starting LSB: Set the CPU Frequency Scaling governor to "ondemand"...[   16.424379] 
[cloud-init[967]: | *oo = +         |[0;32m  OK  [0m] Started Permit User Sessions.

[   16.669688] cloud-init[967]:          Starting Hold until boot process finishes up...
         Starting Terminate Plymouth Boot Screen...
[[0;32m  OK  [0m] Started Hold until boot process finishes up.
|B o=+.=          |         Starting Set console scheme...
[[0;32m  OK  [0m] Started Serial Getty on ttyS0.
[[0;32m  OK  [0m] Started Getty on tty1.
[[0;32m  OK  [0m] Reached target Login Prompts.

[[0;32m  OK  [0m] Started Set console scheme.
[   16.939188] [cloud-init[0;32m  OK  [0m] Started Terminate Plymouth Boot Screen.
[967]: |o+Oo.o+E  o      |
[   17.033718] cloud-init[967]: | o+*+o.oo+       |
[   17.061186] cloud-init[967]: +----[SHA256]-----+[[0;32m  OK  [0m] Started LSB: Record successful boot for GRUB.

[   17.111067] cloud-init[967]: Generating public/private dsa key pair.
         Starting Authenticate and Authorize Users to Run Privileged Tasks...
[   17.118186] cloud-init[967]: Your identification has been saved in /etc/ssh/ssh_host_dsa_key.
[[0;32m  OK  [0m] Started LSB: MD monitoring daemon.
[   17.185295] cloud-init[967]: Your public key has been saved in /etc/ssh/ssh_host_dsa_key.pub.
[[0;32m  OK  [0m] Started LSB: Set the CPU Frequency Scaling governor to "ondemand".
[   17.207357] cloud-init[967]: The key fingerprint is:
[[0;32m  OK  [0m] Started Authenticate and Authorize Users to Run Privileged Tasks.
[[0;32m  OK  [0m] Started Accounts Service.
[   17.274869] cloud-init[967]: SHA256:nl3w020iPOcQecuEau5jz7a9Ew+bwx0qBWkrZ05Im7E root@ubuntu-xenial
[   17.300307] cloud-init[967]: The key's randomart image is:
[   17.313835] cloud-init[967]: +---[DSA 1024]----+
[[0;32m  OK  [0m] Started LXD - container startup/shutdown.
[   17.325383] cloud-init[967]: |                 |
[   17.347157] [[0;32m  OK  [0m] Stopped Unattended Upgrades Shutdown.
         Stopping User Manager for UID 1000...
[[0;32m  OK  [0m] Stopped target Cloud-init target.
[[0;32m  OK  [0m] Stopped Execute cloud user/final scripts.
         Stopping ACPI event daemon...
[[0;32m  OK  [0m] Stopped target Timers.
[[0;32m  OK  [0m] Stopped Daily apt upgrade and clean activities.
[[0;32m  OK  [0m] Stopped Daily Cleanup of Temporary Directories.
[[0;32m  OK  [0m] Stopped Daily apt download activities.
[[0;32m  OK  [0m] Stopped target Graphical Interface.
[[0;32m  OK  [0m] Stopped target Multi-User System.
         Stopping System Logging Service...
         Stopping D-Bus System Message Bus...
         Stopping Virtualbox guest utils...
         Stopping Regular background program processing daemon...
         Stopping LSB: Set the CPU Frequency Scaling governor to "ondemand"...
         Stopping LSB: Record successful boot for GRUB...
         Stopping LSB: MD monitoring daemon...
         Stopping Accounts Service...
         Stopping LSB: automatic crash report generation...
         Stopping LSB: daemon to balance interrupts for SMP systems...
         Stopping OpenBSD Secure Shell server...
         Stopping Session 2 of user vagrant.
         Stopping Deferred execution scheduler...
         Stopping LXD - container startup/shutdown...
[[0;32m  OK  [0m] Stopped Apply the settings specified in cloud-config.
[[0;32m  OK  [0m] Stopped Wait until snapd is fully seeded.
[[0;32m  OK  [0m] Stopped target Cloud-config availability.
[[0;32m  OK  [0m] Stopped Ubuntu Advantage update messaging.
         Stopping Authenticate and Authorize Users to Run Privileged Tasks...
         Stopping FUSE filesystem for LXC...
[[0;32m  OK  [0m] Closed Load/Save RF Kill Switch Status /dev/rfkill Watch.
[[0;32m  OK  [0m] Stopped Message of the Day.
[[0;32m  OK  [0m] Stopped target System Time Synchronized.
[[0;32m  OK  [0m] Stopped target Login Prompts.
         Stopping Serial Getty on ttyS0...
         Stopping Getty on tty1...
[[0;32m  OK  [0m] Unmounted /var/lib/lxcfs.
[[0;32m  OK  [0m] Stopped Deferred execution scheduler.
[[0;32m  OK  [0m] Stopped ACPI event daemon.
[[0;32m  OK  [0m] Stopped Accounts Service.
[[0;32m  OK  [0m] Stopped System Logging Service.
[[0;32m  OK  [0m] Stopped Regular background program processing daemon.
[[0;32m  OK  [0m] Stopped Getty on tty1.
[[0;32m  OK  [0m] Stopped Serial Getty on ttyS0.
[[0;32m  OK  [0m] Stopped OpenBSD Secure Shell server.
[[0;32m  OK  [0m] Stopped Authenticate and Authorize Users to Run Privileged Tasks.
[[0;32m  OK  [0m] Stopped User Manager for UID 1000.
[[0;32m  OK  [0m] Stopped D-Bus System Message Bus.
[[0;32m  OK  [0m] Stopped Session 2 of user vagrant.
[[0;32m  OK  [0m] Stopped FUSE filesystem for LXC.
[[0;32m  OK  [0m] Stopped LXD - container startup/shutdown.
[[0;32m  OK  [0m] Removed slice User Slice of vagrant.
         Stopping Login Service...
[[0;32m  OK  [0m] Removed slice system-serial\x2dgetty.slice.
[[0;32m  OK  [0m] Removed slice system-getty.slice.
         Stopping Permit User Sessions...
[[0;32m  OK  [0m] Stopped /etc/rc.local Compatibility.
[[0;32m  OK  [0m] Stopped Login Service.
[[0;32m  OK  [0m] Stopped LSB: Set the CPU Frequency Scaling governor to "ondemand".
[[0;32m  OK  [0m] Stopped Virtualbox guest utils.
[[0;32m  OK  [0m] Stopped LSB: Record successful boot for GRUB.
[[0;32m  OK  [0m] Stopped LSB: MD monitoring daemon.
[[0;32m  OK  [0m] Stopped LSB: automatic crash report generation.
[[0;32m  OK  [0m] Stopped LSB: daemon to balance interrupts for SMP systems.
[[0;32m  OK  [0m] Stopped Permit User Sessions.
[[0;32m  OK  [0m] Stopped target Remote File Systems.
[[0;32m  OK  [0m] Stopped target User and Group Name Lookups.
[[0;32m  OK  [0m] Stopped target Basic System.
[[0;32m  OK  [0m] Stopped target Slices.
[[0;32m  OK  [0m] Stopped target Sockets.
[[0;32m  OK  [0m] Closed UUID daemon activation socket.
[[0;32m  OK  [0m] Closed D-Bus System Message Bus Socket.
[[0;32m  OK  [0m] Closed Socket activation for snappy daemon.
[[0;32m  OK  [0m] Closed Syslog Socket.
[[0;32m  OK  [0m] Closed LXD - unix socket.
[[0;32m  OK  [0m] Closed ACPID Listen Socket.
[[0;32m  OK  [0m] Stopped target Paths.
[[0;32m  OK  [0m] Stopped ACPI Events Check.
[[0;32m  OK  [0m] Stopped target System Initialization.
[[0;32m  OK  [0m] Stopped target Swap.
[[0;32m  OK  [0m] Stopped Initial cloud-init job (metadata service crawler).
         Stopping Raise network interfaces...
[[0;32m  OK  [0m] Stopped target Encrypted Volumes.
         Stopping Update UTMP about System Boot/Shutdown...
         Stopping Load/Save Random Seed...
[[0;32m  OK  [0m] Stopped Dispatch Password Requests to Console Directory Watch.
[[0;32m  OK  [0m] Stopped Forward Password Requests to Wall Directory Watch.
[[0;32m  OK  [0m] Removed slice User and Session Slice.
[[0;32m  OK  [0m] Stopped Load/Save Random Seed.
[[0;32m  OK  [0m] Stopped Update UTMP about System Boot/Shutdown.
[[0;32m  OK  [0m] Stopped Create Volatile Files and Directories.
[[0;32m  OK  [0m] Stopped Raise network interfaces.
[[0;32m  OK  [0m] Stopped target Local File Systems.
         Unmounting /vagrant...
         Unmounting /run/user/1000...
[[0;32m  OK  [0m] Stopped Apply Kernel Variables.
[[0;32m  OK  [0m] Stopped Load Kernel Modules.
[[0;32m  OK  [0m] Stopped target Network (Pre).
[[0;32m  OK  [0m] Stopped Initial cloud-init job (pre-networking).
[[0;32m  OK  [0m] Unmounted /vagrant.
[[0;32m  OK  [0m] Unmounted /run/user/1000.
[[0;32m  OK  [0m] Reached target Unmount All Filesystems.
[[0;32m  OK  [0m] Stopped target Local File Systems (Pre).
[[0;32m  OK  [0m] Stopped Create Static Device Nodes in /dev.
[[0;32m  OK  [0m] Stopped Remount Root and Kernel File Systems.
[[0;32m  OK  [0m] Reached target Shutdown.
[  432.289629] reboot: Power down
thorize Users to Run Privileged Tasks...
[[0;32m  OK  [0m] Stopped Message of the Day.
         Stopping ACPI event daemon...
         Unmounting /var/lib/lxcfs...
[[0;32m  OK  [0m] Stopped Daily apt upgrade and clean activities.
[[0;32m  OK  [0m] Stopped Daily apt download activities.
[[0;32m  OK  [0m] Stopped target System Time Synchronized.
[[0;32m  OK  [0m] Stopped Daily Cleanup of Temporary Directories.
[[0;32m  OK  [0m] Stopped target Cloud-init target.
[[0;32m  OK  [0m] Stopped Execute cloud user/final scripts.
[[0;32m  OK  [0m] Stopped target Multi-User System.
         Stopping LSB: MD monitoring daemon...
         Stopping FUSE filesystem for LXC...
         Stopping Regular background program processing daemon...
         Stopping LSB: automatic crash report generation...
         Stopping OpenBSD Secure Shell server...
         Stopping D-Bus System Message Bus...
         Stopping LXD - container startup/shutdown...
         Stopping LSB: Set the CPU Frequency Scaling governor to "ondemand"...
         Stopping LSB: Record successful boot for GRUB...
         Stopping System Logging Service...
         Stopping Deferred execution scheduler...
         Stopping Virtualbox guest utils...
         Stopping LSB: daemon to balance interrupts for SMP systems...
[[0;32m  OK  [0m] Stopped Apply the settings specified in cloud-config.
[[0;32m  OK  [0m] Stopped target Cloud-config availability.
[[0;32m  OK  [0m] Stopped Wait until snapd is fully seeded.
[[0;32m  OK  [0m] Stopped target Login Prompts.
         Stopping Serial Getty on ttyS0...
         Stopping Getty on tty1...
[[0;32m  OK  [0m] Stopped Regular background program processing daemon.
[[0;32m  OK  [0m] Stopped Deferred execution scheduler.
[[0;32m  OK  [0m] Stopped ACPI event daemon.
[[0;32m  OK  [0m] Stopped System Logging Service.
[[0;32m  OK  [0m] Stopped Accounts Service.
[[0;32m  OK  [0m] Stopped Serial Getty on ttyS0.
[[0;32m  OK  [0m] Stopped Getty on tty1.
[[0;32m  OK  [0m] Stopped Authenticate and Authorize Users to Run Privileged Tasks.
[[0;32m  OK  [0m] Stopped OpenBSD Secure Shell server.
[[0;32m  OK  [0m] Stopped User Manager for UID 1000.
[[0;32m  OK  [0m] Stopped Session 3 of user vagrant.
[[0;32m  OK  [0m] Unmounted /run/user/1000.
[[0;32m  OK  [0m] Unmounted /var/lib/lxcfs.
[[0;32m  OK  [0m] Stopped D-Bus System Message Bus.
[[0;32m  OK  [0m] Stopped FUSE filesystem for LXC.
[[0;32m  OK  [0m] Stopped LSB: MD monitoring daemon.
[[0;32m  OK  [0m] Stopped LSB: automatic crash report generation.
[[0;32m  OK  [0m] Stopped LXD - container startup/shutdown.
[[0;32m  OK  [0m] Stopped LSB: Set the CPU Frequency Scaling governor to "ondemand".
[[0;32m  OK  [0m] Removed slice User Slice of vagrant.
         Stopping Login Service...
[[0;32m  OK  [0m] Removed slice system-getty.slice.
[[0;32m  OK  [0m] Removed slice system-serial\x2dgetty.slice.
[[0;32m  OK  [0m] Stopped /etc/rc.local Compatibility.
         Stopping Permit User Sessions...
[[0;32m  OK  [0m] Stopped Login Service.
[[0;32m  OK  [0m] Stopped LSB: Record successful boot for GRUB.
[[0;32m  OK  [0m] Stopped Virtualbox guest utils.
[[0;32m  OK  [0m] Stopped LSB: daemon to balance interrupts for SMP systems.
[[0;32m  OK  [0m] Stopped Permit User Sessions.
[[0;32m  OK  [0m] Stopped target Remote File Systems.
         Unmounting /vagrant...
[[0;32m  OK  [0m] Stopped target Basic System.
[[0;32m  OK  [0m] Stopped target Paths.
[[0;32m  OK  [0m] Stopped ACPI Events Check.
[[0;32m  OK  [0m] Stopped Forward Password Requests to Wall Directory Watch.
[[0;32m  OK  [0m] Stopped Dispatch Password Requests to Console Directory Watch.
[[0;32m  OK  [0m] Stopped target Sockets.
[[0;32m  OK  [0m] Closed Socket activation for snappy daemon.
[[0;32m  OK  [0m] Closed ACPID Listen Socket.
[[0;32m  OK  [0m] Closed LXD - unix socket.
[[0;32m  OK  [0m] Closed Syslog Socket.
[[0;32m  OK  [0m] Closed UUID daemon activation socket.
[[0;32m  OK  [0m] Stopped target Slices.
[[0;32m  OK  [0m] Closed D-Bus System Message Bus Socket.
[[0;32m  OK  [0m] Removed slice User and Session Slice.
[[0;32m  OK  [0m] Stopped target User and Group Name Lookups.
[[0;32m  OK  [0m] Stopped target System Initialization.
[[0;32m  OK  [0m] Stopped target Swap.
[[0;32m  OK  [0m] Stopped Commit a transient machine-id on disk.
[[0;32m  OK  [0m] Stopped target Encrypted Volumes.
         Stopping Load/Save Random Seed...
         Stopping Update UTMP about System Boot/Shutdown...
[[0;32m  OK  [0m] Unmounted /vagrant.
[[0;32m  OK  [0m] Stopped Load/Save Random Seed.
[[0;32m  OK  [0m] Stopped Update UTMP about System Boot/Shutdown.
[[0;32m  OK  [0m] Stopped Create Volatile Files and Directories.
[[0;32m  OK  [0m] Reached target Unmount All Filesystems.
[[0;32m  OK  [0m] Stopped target Remote File Systems (Pre).
         Stopping Login to default iSCSI targets...
[[0;32m  OK  [0m] Stopped target Local File Systems (Pre).
         Stopping Monitoring of LVM2 mirrors... dmeventd or progress polling...
[[0;32m  OK  [0m] Stopped Create Static Device Nodes in /dev.
[[0;32m  OK  [0m] Stopped Monitoring of LVM2 mirrors,...ng dmeventd or progress polling.
         Stopping LVM2 metadata daemon...
[[0;32m  OK  [0m] Stopped LVM2 metadata daemon.
[[0;32m  OK  [0m] Stopped Login to default iSCSI targets.
         Stopping iSCSI initiator daemon (iscsid)...
[[0;32m  OK  [0m] Stopped iSCSI initiator daemon (iscsid).
[[0;32m  OK  [0m] Stopped target Network is Online.
[[0;32m  OK  [0m] Stopped Initial cloud-init job (metadata service crawler).
[[0;32m  OK  [0m] Stopped target Network.
         Stopping Raise network interfaces...
[[0;32m  OK  [0m] Stopped Raise network interfaces.
[[0;32m  OK  [0m] Stopped Apply Kernel Variables.
[[0;32m  OK  [0m] Stopped Load Kernel Modules.
[[0;32m  OK  [0m] Stopped target Network (Pre).
[[0;32m  OK  [0m] Stopped Initial cloud-init job (pre-networking).
[[0;32m  OK  [0m] Stopped Remount Root and Kernel File Systems.
[[0;32m  OK  [0m] Reached target Shutdown.
[  311.090724] reboot: Power down
